<?xml version="1.0" encoding="UTF-8"?>
<!-- Generated by org.testng.reporters.JUnitReportReporter -->
<testsuite skipped="0" hostname="DESKTOP-0RGL27L" name="com.test.LoginTest" tests="3" failures="0" timestamp="01 Jun 2022 21:26:25 GMT" time="1.552" errors="0">
  <testcase name="titleTest" time="0.021" classname="com.test.LoginTest"/>
  <testcase name="loginTest" time="1.526" classname="com.test.LoginTest"/>
  <testcase name="registerLinkTest" time="0.005" classname="com.test.LoginTest"/>
</testsuite> <!-- com.test.LoginTest -->
